2022-12-23 08:58:21.258  INFO 3048 --- [main] c.b.E.EmployeePayrollAppApplication      : Starting EmployeePayrollAppApplication using Java 17.0.4.1 on ASHUTOSH-93ITJG43 with PID 3048 (C:\Users\ASHUTOSH NAWALE\IdeaProjects\Spring Boot\PracticeType\Employee-Payroll-App\Employee-Payroll-App\target\classes started by ASHUTOSH NAWALE in C:\Users\ASHUTOSH NAWALE\IdeaProjects\Spring Boot\PracticeType\Employee-Payroll-App\Employee-Payroll-App)
2022-12-23 08:58:21.280 DEBUG 3048 --- [main] c.b.E.EmployeePayrollAppApplication      : Running with Spring Boot v2.7.6, Spring v5.3.24
2022-12-23 08:58:21.281  INFO 3048 --- [main] c.b.E.EmployeePayrollAppApplication      : The following 1 profile is active: "dev"
2022-12-23 08:58:35.316  WARN 3048 --- [main] JpaBaseConfiguration$JpaWebConfiguration : spring.jpa.open-in-view is enabled by default. Therefore, database queries may be performed during view rendering. Explicitly configure spring.jpa.open-in-view to disable this warning
2022-12-23 08:58:36.076  INFO 3048 --- [main] c.b.E.EmployeePayrollAppApplication      : Started EmployeePayrollAppApplication in 17.378 seconds (JVM running for 22.386)
2022-12-23 08:58:36.078  INFO 3048 --- [main] c.b.E.EmployeePayrollAppApplication      : Employee Payroll App Started in DEV Environment
2022-12-23 09:17:22.593  INFO 9492 --- [main] c.b.E.EmployeePayrollAppApplication      : Starting EmployeePayrollAppApplication using Java 17.0.4.1 on ASHUTOSH-93ITJG43 with PID 9492 (C:\Users\ASHUTOSH NAWALE\IdeaProjects\Spring Boot\PracticeType\Employee-Payroll-App\Employee-Payroll-App\target\classes started by ASHUTOSH NAWALE in C:\Users\ASHUTOSH NAWALE\IdeaProjects\Spring Boot\PracticeType\Employee-Payroll-App\Employee-Payroll-App)
2022-12-23 09:17:22.596 DEBUG 9492 --- [main] c.b.E.EmployeePayrollAppApplication      : Running with Spring Boot v2.7.6, Spring v5.3.24
2022-12-23 09:17:22.597  INFO 9492 --- [main] c.b.E.EmployeePayrollAppApplication      : The following 1 profile is active: "dev"
2022-12-23 09:17:25.039  WARN 9492 --- [main] JpaBaseConfiguration$JpaWebConfiguration : spring.jpa.open-in-view is enabled by default. Therefore, database queries may be performed during view rendering. Explicitly configure spring.jpa.open-in-view to disable this warning
2022-12-23 09:17:25.321  INFO 9492 --- [main] c.b.E.EmployeePayrollAppApplication      : Started EmployeePayrollAppApplication in 3.111 seconds (JVM running for 3.743)
2022-12-23 09:17:25.323  INFO 9492 --- [main] c.b.E.EmployeePayrollAppApplication      : Employee Payroll App Started in DEV Environment
2022-12-23 10:19:35.137  INFO 14716 --- [main] c.b.E.EmployeePayrollAppApplication      : Starting EmployeePayrollAppApplication using Java 17.0.4.1 on ASHUTOSH-93ITJG43 with PID 14716 (C:\Users\ASHUTOSH NAWALE\IdeaProjects\Spring Boot\PracticeType\Employee-Payroll-App\Employee-Payroll-App\target\classes started by ASHUTOSH NAWALE in C:\Users\ASHUTOSH NAWALE\IdeaProjects\Spring Boot\PracticeType\Employee-Payroll-App\Employee-Payroll-App)
2022-12-23 10:19:35.142 DEBUG 14716 --- [main] c.b.E.EmployeePayrollAppApplication      : Running with Spring Boot v2.7.6, Spring v5.3.24
2022-12-23 10:19:35.144  INFO 14716 --- [main] c.b.E.EmployeePayrollAppApplication      : The following 1 profile is active: "dev"
2022-12-23 10:19:40.796  WARN 14716 --- [main] JpaBaseConfiguration$JpaWebConfiguration : spring.jpa.open-in-view is enabled by default. Therefore, database queries may be performed during view rendering. Explicitly configure spring.jpa.open-in-view to disable this warning
2022-12-23 10:19:41.368  INFO 14716 --- [main] c.b.E.EmployeePayrollAppApplication      : Started EmployeePayrollAppApplication in 6.833 seconds (JVM running for 7.729)
2022-12-23 10:19:41.375  INFO 14716 --- [main] c.b.E.EmployeePayrollAppApplication      : Employee Payroll App Started in DEV Environment
2022-12-23 10:20:53.927  WARN 14716 --- [http-nio-8080-exec-4] .w.s.m.s.DefaultHandlerExceptionResolver : Resolved [org.springframework.http.converter.HttpMessageNotReadableException: JSON parse error: Cannot deserialize value of type `java.time.LocalDate` from String "22-11-2022": Failed to deserialize java.time.LocalDate: (java.time.format.DateTimeParseException) Text '22-11-2022' could not be parsed at index 2; nested exception is com.fasterxml.jackson.databind.exc.InvalidFormatException: Cannot deserialize value of type `java.time.LocalDate` from String "22-11-2022": Failed to deserialize java.time.LocalDate: (java.time.format.DateTimeParseException) Text '22-11-2022' could not be parsed at index 2<EOL> at [Source: (org.springframework.util.StreamUtils$NonClosingInputStream); line: 6, column: 26] (through reference chain: com.bridgelabz.EmployeePayrollApp.dto.EmployeePayrollDTO["startDate"])]
2022-12-23 10:21:57.078  WARN 14716 --- [http-nio-8080-exec-5] .w.s.m.s.DefaultHandlerExceptionResolver : Resolved [org.springframework.http.converter.HttpMessageNotReadableException: JSON parse error: Cannot deserialize value of type `java.time.LocalDate` from String "22-11-2022": Failed to deserialize java.time.LocalDate: (java.time.format.DateTimeParseException) Text '22-11-2022' could not be parsed at index 2; nested exception is com.fasterxml.jackson.databind.exc.InvalidFormatException: Cannot deserialize value of type `java.time.LocalDate` from String "22-11-2022": Failed to deserialize java.time.LocalDate: (java.time.format.DateTimeParseException) Text '22-11-2022' could not be parsed at index 2<EOL> at [Source: (org.springframework.util.StreamUtils$NonClosingInputStream); line: 6, column: 26] (through reference chain: com.bridgelabz.EmployeePayrollApp.dto.EmployeePayrollDTO["startDate"])]
2022-12-23 10:22:23.292  INFO 8716 --- [main] c.b.E.EmployeePayrollAppApplication      : Starting EmployeePayrollAppApplication using Java 17.0.4.1 on ASHUTOSH-93ITJG43 with PID 8716 (C:\Users\ASHUTOSH NAWALE\IdeaProjects\Spring Boot\PracticeType\Employee-Payroll-App\Employee-Payroll-App\target\classes started by ASHUTOSH NAWALE in C:\Users\ASHUTOSH NAWALE\IdeaProjects\Spring Boot\PracticeType\Employee-Payroll-App\Employee-Payroll-App)
2022-12-23 10:22:23.297 DEBUG 8716 --- [main] c.b.E.EmployeePayrollAppApplication      : Running with Spring Boot v2.7.6, Spring v5.3.24
2022-12-23 10:22:23.298  INFO 8716 --- [main] c.b.E.EmployeePayrollAppApplication      : The following 1 profile is active: "dev"
2022-12-23 10:22:27.844  WARN 8716 --- [main] JpaBaseConfiguration$JpaWebConfiguration : spring.jpa.open-in-view is enabled by default. Therefore, database queries may be performed during view rendering. Explicitly configure spring.jpa.open-in-view to disable this warning
2022-12-23 10:22:28.242  INFO 8716 --- [main] c.b.E.EmployeePayrollAppApplication      : Started EmployeePayrollAppApplication in 5.488 seconds (JVM running for 6.266)
2022-12-23 10:22:28.247  INFO 8716 --- [main] c.b.E.EmployeePayrollAppApplication      : Employee Payroll App Started in DEV Environment
2022-12-23 10:22:35.716  WARN 8716 --- [http-nio-8080-exec-1] .w.s.m.s.DefaultHandlerExceptionResolver : Resolved [org.springframework.http.converter.HttpMessageNotReadableException: JSON parse error: Cannot deserialize value of type `java.time.LocalDate` from String "22-11-2022": Failed to deserialize java.time.LocalDate: (java.time.format.DateTimeParseException) Text '22-11-2022' could not be parsed at index 0; nested exception is com.fasterxml.jackson.databind.exc.InvalidFormatException: Cannot deserialize value of type `java.time.LocalDate` from String "22-11-2022": Failed to deserialize java.time.LocalDate: (java.time.format.DateTimeParseException) Text '22-11-2022' could not be parsed at index 0<EOL> at [Source: (org.springframework.util.StreamUtils$NonClosingInputStream); line: 6, column: 26] (through reference chain: com.bridgelabz.EmployeePayrollApp.dto.EmployeePayrollDTO["startDate"])]
2022-12-23 10:24:13.135  INFO 13488 --- [main] c.b.E.EmployeePayrollAppApplication      : Starting EmployeePayrollAppApplication using Java 17.0.4.1 on ASHUTOSH-93ITJG43 with PID 13488 (C:\Users\ASHUTOSH NAWALE\IdeaProjects\Spring Boot\PracticeType\Employee-Payroll-App\Employee-Payroll-App\target\classes started by ASHUTOSH NAWALE in C:\Users\ASHUTOSH NAWALE\IdeaProjects\Spring Boot\PracticeType\Employee-Payroll-App\Employee-Payroll-App)
2022-12-23 10:24:13.141 DEBUG 13488 --- [main] c.b.E.EmployeePayrollAppApplication      : Running with Spring Boot v2.7.6, Spring v5.3.24
2022-12-23 10:24:13.142  INFO 13488 --- [main] c.b.E.EmployeePayrollAppApplication      : The following 1 profile is active: "dev"
2022-12-23 10:24:17.757  WARN 13488 --- [main] JpaBaseConfiguration$JpaWebConfiguration : spring.jpa.open-in-view is enabled by default. Therefore, database queries may be performed during view rendering. Explicitly configure spring.jpa.open-in-view to disable this warning
2022-12-23 10:24:18.318  INFO 13488 --- [main] c.b.E.EmployeePayrollAppApplication      : Started EmployeePayrollAppApplication in 5.779 seconds (JVM running for 6.76)
2022-12-23 10:24:18.324  INFO 13488 --- [main] c.b.E.EmployeePayrollAppApplication      : Employee Payroll App Started in DEV Environment
2022-12-23 10:33:40.289  INFO 12256 --- [main] c.b.E.EmployeePayrollAppApplication      : Starting EmployeePayrollAppApplication using Java 17.0.4.1 on ASHUTOSH-93ITJG43 with PID 12256 (C:\Users\ASHUTOSH NAWALE\IdeaProjects\Spring Boot\PracticeType\Employee-Payroll-App\Employee-Payroll-App\target\classes started by ASHUTOSH NAWALE in C:\Users\ASHUTOSH NAWALE\IdeaProjects\Spring Boot\PracticeType\Employee-Payroll-App\Employee-Payroll-App)
2022-12-23 10:33:40.295 DEBUG 12256 --- [main] c.b.E.EmployeePayrollAppApplication      : Running with Spring Boot v2.7.6, Spring v5.3.24
2022-12-23 10:33:40.297  INFO 12256 --- [main] c.b.E.EmployeePayrollAppApplication      : The following 1 profile is active: "dev"
2022-12-23 10:33:44.336  WARN 12256 --- [main] JpaBaseConfiguration$JpaWebConfiguration : spring.jpa.open-in-view is enabled by default. Therefore, database queries may be performed during view rendering. Explicitly configure spring.jpa.open-in-view to disable this warning
2022-12-23 10:33:45.039  INFO 12256 --- [main] c.b.E.EmployeePayrollAppApplication      : Started EmployeePayrollAppApplication in 5.373 seconds (JVM running for 6.138)
2022-12-23 10:33:45.044  INFO 12256 --- [main] c.b.E.EmployeePayrollAppApplication      : Employee Payroll App Started in DEV Environment
2022-12-23 10:34:40.095  INFO 10540 --- [main] c.b.E.EmployeePayrollAppApplication      : Starting EmployeePayrollAppApplication using Java 17.0.4.1 on ASHUTOSH-93ITJG43 with PID 10540 (C:\Users\ASHUTOSH NAWALE\IdeaProjects\Spring Boot\PracticeType\Employee-Payroll-App\Employee-Payroll-App\target\classes started by ASHUTOSH NAWALE in C:\Users\ASHUTOSH NAWALE\IdeaProjects\Spring Boot\PracticeType\Employee-Payroll-App\Employee-Payroll-App)
2022-12-23 10:34:40.101 DEBUG 10540 --- [main] c.b.E.EmployeePayrollAppApplication      : Running with Spring Boot v2.7.6, Spring v5.3.24
2022-12-23 10:34:40.102  INFO 10540 --- [main] c.b.E.EmployeePayrollAppApplication      : The following 1 profile is active: "dev"
2022-12-23 10:34:45.005  WARN 10540 --- [main] JpaBaseConfiguration$JpaWebConfiguration : spring.jpa.open-in-view is enabled by default. Therefore, database queries may be performed during view rendering. Explicitly configure spring.jpa.open-in-view to disable this warning
2022-12-23 10:34:45.445  INFO 10540 --- [main] c.b.E.EmployeePayrollAppApplication      : Started EmployeePayrollAppApplication in 5.902 seconds (JVM running for 6.937)
2022-12-23 10:34:45.451  INFO 10540 --- [main] c.b.E.EmployeePayrollAppApplication      : Employee Payroll App Started in DEV Environment
2022-12-23 10:49:55.254  INFO 12696 --- [main] c.b.E.EmployeePayrollAppApplication      : Starting EmployeePayrollAppApplication using Java 17.0.4.1 on ASHUTOSH-93ITJG43 with PID 12696 (C:\Users\ASHUTOSH NAWALE\IdeaProjects\Spring Boot\PracticeType\Employee-Payroll-App\Employee-Payroll-App\target\classes started by ASHUTOSH NAWALE in C:\Users\ASHUTOSH NAWALE\IdeaProjects\Spring Boot\PracticeType\Employee-Payroll-App\Employee-Payroll-App)
2022-12-23 10:49:55.260 DEBUG 12696 --- [main] c.b.E.EmployeePayrollAppApplication      : Running with Spring Boot v2.7.6, Spring v5.3.24
2022-12-23 10:49:55.261  INFO 12696 --- [main] c.b.E.EmployeePayrollAppApplication      : The following 1 profile is active: "dev"
2022-12-23 10:50:04.061  WARN 12696 --- [main] JpaBaseConfiguration$JpaWebConfiguration : spring.jpa.open-in-view is enabled by default. Therefore, database queries may be performed during view rendering. Explicitly configure spring.jpa.open-in-view to disable this warning
2022-12-23 10:50:04.494  INFO 12696 --- [main] c.b.E.EmployeePayrollAppApplication      : Started EmployeePayrollAppApplication in 9.857 seconds (JVM running for 10.652)
2022-12-23 10:50:04.498  INFO 12696 --- [main] c.b.E.EmployeePayrollAppApplication      : Employee Payroll App Started in DEV Environment
2022-12-23 10:52:26.485  INFO 14836 --- [main] c.b.E.EmployeePayrollAppApplication      : Starting EmployeePayrollAppApplication using Java 17.0.4.1 on ASHUTOSH-93ITJG43 with PID 14836 (C:\Users\ASHUTOSH NAWALE\IdeaProjects\Spring Boot\PracticeType\Employee-Payroll-App\Employee-Payroll-App\target\classes started by ASHUTOSH NAWALE in C:\Users\ASHUTOSH NAWALE\IdeaProjects\Spring Boot\PracticeType\Employee-Payroll-App\Employee-Payroll-App)
2022-12-23 10:52:26.490 DEBUG 14836 --- [main] c.b.E.EmployeePayrollAppApplication      : Running with Spring Boot v2.7.6, Spring v5.3.24
2022-12-23 10:52:26.491  INFO 14836 --- [main] c.b.E.EmployeePayrollAppApplication      : The following 1 profile is active: "dev"
2022-12-23 10:52:35.514  WARN 14836 --- [main] JpaBaseConfiguration$JpaWebConfiguration : spring.jpa.open-in-view is enabled by default. Therefore, database queries may be performed during view rendering. Explicitly configure spring.jpa.open-in-view to disable this warning
2022-12-23 10:52:36.198  INFO 14836 --- [main] c.b.E.EmployeePayrollAppApplication      : Started EmployeePayrollAppApplication in 10.266 seconds (JVM running for 11.216)
2022-12-23 10:52:36.203  INFO 14836 --- [main] c.b.E.EmployeePayrollAppApplication      : Employee Payroll App Started in DEV Environment
2022-12-23 11:02:14.562  INFO 10656 --- [main] c.b.E.EmployeePayrollAppApplication      : Starting EmployeePayrollAppApplication using Java 17.0.4.1 on ASHUTOSH-93ITJG43 with PID 10656 (C:\Users\ASHUTOSH NAWALE\IdeaProjects\Spring Boot\PracticeType\Employee-Payroll-App\Employee-Payroll-App\target\classes started by ASHUTOSH NAWALE in C:\Users\ASHUTOSH NAWALE\IdeaProjects\Spring Boot\PracticeType\Employee-Payroll-App\Employee-Payroll-App)
2022-12-23 11:02:14.566 DEBUG 10656 --- [main] c.b.E.EmployeePayrollAppApplication      : Running with Spring Boot v2.7.6, Spring v5.3.24
2022-12-23 11:02:14.566  INFO 10656 --- [main] c.b.E.EmployeePayrollAppApplication      : The following 1 profile is active: "dev"
2022-12-23 11:02:20.750  WARN 10656 --- [main] JpaBaseConfiguration$JpaWebConfiguration : spring.jpa.open-in-view is enabled by default. Therefore, database queries may be performed during view rendering. Explicitly configure spring.jpa.open-in-view to disable this warning
2022-12-23 11:02:21.087  INFO 10656 --- [main] c.b.E.EmployeePayrollAppApplication      : Started EmployeePayrollAppApplication in 7.073 seconds (JVM running for 7.976)
2022-12-23 11:02:21.092  INFO 10656 --- [main] c.b.E.EmployeePayrollAppApplication      : Employee Payroll App Started in DEV Environment
2022-12-23 11:04:38.095  WARN 10656 --- [http-nio-8080-exec-7] .w.s.m.s.DefaultHandlerExceptionResolver : Resolved [org.springframework.web.HttpRequestMethodNotSupportedException: Request method 'GET' not supported]
